<?xml version="1.0" encoding="UTF-8"?>
<!-- Generated by org.testng.reporters.JUnitXMLReporter -->
<testsuite hostname="welcome-PC" ignored="5" name="Test2" tests="3" failures="0" timestamp="10 Mar 2018 13:46:54 GMT" time="0.057" errors="0">
  <testcase name="testCase3_1" time="0.007" classname="learnTestNG.TestCase3"/>
  <testcase name="testCase3_2" time="0.021" classname="learnTestNG.TestCase3"/>
  <testcase name="testCase4" time="0.003" classname="learnTestNG.TestCase4"/>
  <testcase name="@BeforeSuite baforeSuite" time="0.0" classname="learnTestNG.LearnAnnotation">
    <ignored/>
  </testcase> <!-- @BeforeSuite baforeSuite -->
  <testcase name="@BeforeSuite beforeSuite" time="0.0" classname="learnTestNG.LearnAnnotation">
    <ignored/>
  </testcase> <!-- @BeforeSuite beforeSuite -->
  <testcase name="@AfterTest afterTest" time="0.0" classname="learnTestNG.LearnAnnotation">
    <ignored/>
  </testcase> <!-- @AfterTest afterTest -->
  <testcase name="@BeforeTest beforeTest" time="0.0" classname="learnTestNG.LearnAnnotation">
    <ignored/>
  </testcase> <!-- @BeforeTest beforeTest -->
  <testcase name="@AfterSuite afterSuite" time="0.0" classname="learnTestNG.LearnAnnotation">
    <ignored/>
  </testcase> <!-- @AfterSuite afterSuite -->
</testsuite> <!-- Test2 -->
