<?xml version="1.0" encoding="UTF-8"?>
<testng-results skipped="0" failed="0" ignored="0" total="2" passed="2">
  <reporter-output>
  </reporter-output>
  <suite name="Default suite" duration-ms="86125" started-at="2018-04-28T12:08:17Z" finished-at="2018-04-28T12:09:43Z">
    <groups>
    </groups>
    <test name="Default test" duration-ms="86125" started-at="2018-04-28T12:08:17Z" finished-at="2018-04-28T12:09:43Z">
      <class name="learnTestNG.Learn">
        <test-method status="PASS" signature="test1()[pri:1, instance:learnTestNG.Learn@12108b5]" name="test1" duration-ms="45103" started-at="2018-04-28T12:08:17Z" finished-at="2018-04-28T12:09:02Z">
          <reporter-output>
          </reporter-output>
        </test-method> <!-- test1 -->
        <test-method status="PASS" signature="testw()[pri:-1, instance:learnTestNG.Learn@12108b5]" name="testw" duration-ms="40751" started-at="2018-04-28T12:09:02Z" depends-on-methods="learnTestNG.Learn.test1" finished-at="2018-04-28T12:09:43Z">
          <reporter-output>
          </reporter-output>
        </test-method> <!-- testw -->
      </class> <!-- learnTestNG.Learn -->
    </test> <!-- Default test -->
  </suite> <!-- Default suite -->
</testng-results>
